
Portable update utility
Beta release v0.4.9

Mode = n

ident = ARCHMOD

no_compiles = 10
0 = autopp_tidyup
1 = copy2dest
2 = newpphist
3 = qscasedisp
4 = qsmain
5 = qsmaster
6 = qsmncompile
7 = qsprelim
8 = qsresubmit
9 = qsserver
10 = submitchk

no_defines = 2
0 = LINUX
1 = LINUX
2 = MPP
num_of_comdecks = -1
num_of_decks = -1
------------------------------------------

no_IBDs = 63

0) type = IDENT
ident, declare = GIE1U406, (null)
file = (null)

1) type = IDENT
ident, declare = MPIRUN, (null)
file = (null)

2) type = DECLARE
ident, declare = MPIRUN, qsmain
file = (null)

3) type = INSERT
ident, declare = MPIRUN, qsmain
file = _up52131.tmp/QQ.1
line1,2 = GLW1U401.1010, (null)
deck_type = D
PL_file = qsmain

4) type = DELETE
ident, declare = MPIRUN, qsmain
file = _up52131.tmp/QQ.2
line1,2 = GPB0U304.11, GPB0U304.16
deck_type = D
PL_file = qsmain

5) type = DELETE
ident, declare = MPIRUN, qsmain
file = _up52131.tmp/QQ.3
line1,2 = GPB0U305.7, (null)
deck_type = D
PL_file = qsmain

6) type = DELETE
ident, declare = MPIRUN, qsmain
file = _up52131.tmp/QQ.4
line1,2 = qsmain.665, (null)
deck_type = D
PL_file = qsmain

7) type = DELETE
ident, declare = MPIRUN, qsmain
file = _up52131.tmp/QQ.5
line1,2 = GPB0U304.28, GPB0U304.33
deck_type = D
PL_file = qsmain

8) type = DELETE
ident, declare = MPIRUN, qsmain
file = _up52131.tmp/QQ.6
line1,2 = GLW1U404.249, (null)
deck_type = D
PL_file = qsmain

9) type = DELETE
ident, declare = MPIRUN, qsmain
file = _up52131.tmp/QQ.7
line1,2 = qsmain.677, (null)
deck_type = D
PL_file = qsmain

10) type = DECLARE
ident, declare = MPIRUN, qsprelim
file = (null)

11) type = INSERT
ident, declare = MPIRUN, qsprelim
file = _up52131.tmp/QQ.8
line1,2 = qsprelim.184, (null)
deck_type = D
PL_file = qsprelim

12) type = IDENT
ident, declare = SCRIPTFX2, (null)
file = (null)

13) type = DECLARE
ident, declare = SCRIPTFX2, qsmaster
file = (null)

14) type = INSERT
ident, declare = SCRIPTFX2, qsmaster
file = _up52131.tmp/QQ.9
line1,2 = qsmaster.77, (null)
deck_type = D
PL_file = qsmaster

15) type = DELETE
ident, declare = SCRIPTFX2, qsmaster
file = _up52131.tmp/QQ.10
line1,2 = qsmaster.113, (null)
deck_type = D
PL_file = qsmaster

16) type = DELETE
ident, declare = SCRIPTFX2, qsmaster
file = _up52131.tmp/QQ.11
line1,2 = GLW2U402.2, qsmaster.116
deck_type = D
PL_file = qsmaster

17) type = DELETE
ident, declare = SCRIPTFX2, qsmaster
file = _up52131.tmp/QQ.12
line1,2 = qsmaster.142, (null)
deck_type = D
PL_file = qsmaster

18) type = DECLARE
ident, declare = SCRIPTFX2, qsmain
file = (null)

19) type = INSERT
ident, declare = SCRIPTFX2, qsmain
file = _up52131.tmp/QQ.13
line1,2 = GPB0U304.19, (null)
deck_type = D
PL_file = qsmain

20) type = INSERT
ident, declare = SCRIPTFX2, qsmain
file = _up52131.tmp/QQ.14
line1,2 = CJC1U404.90, (null)
deck_type = D
PL_file = qsmain

21) type = DELETE
ident, declare = SCRIPTFX2, qsmain
file = _up52131.tmp/QQ.15
line1,2 = GEX4U402.141, (null)
deck_type = D
PL_file = qsmain

22) type = INSERT
ident, declare = SCRIPTFX2, qsmain
file = _up52131.tmp/QQ.16
line1,2 = GLW1U404.247, (null)
deck_type = D
PL_file = qsmain

23) type = INSERT
ident, declare = SCRIPTFX2, qsmain
file = _up52131.tmp/QQ.17
line1,2 = CJC1U404.99, (null)
deck_type = D
PL_file = qsmain

24) type = DECLARE
ident, declare = SCRIPTFX2, qsmain
file = (null)

25) type = DELETE
ident, declare = SCRIPTFX2, qsmain
file = _up52131.tmp/QQ.18
line1,2 = qsmain.654, (null)
deck_type = D
PL_file = qsmain

26) type = DECLARE
ident, declare = SCRIPTFX2, qsmncompile
file = (null)

27) type = DELETE
ident, declare = SCRIPTFX2, qsmncompile
file = _up52131.tmp/QQ.19
line1,2 = GSH6U404.405, (null)
deck_type = D
PL_file = qsmncompile

28) type = DELETE
ident, declare = SCRIPTFX2, qsmncompile
file = _up52131.tmp/QQ.20
line1,2 = GSH1U403.423, (null)
deck_type = D
PL_file = qsmncompile

29) type = DELETE
ident, declare = SCRIPTFX2, qsmncompile
file = _up52131.tmp/QQ.21
line1,2 = GSH1U403.429, (null)
deck_type = D
PL_file = qsmncompile

30) type = DELETE
ident, declare = SCRIPTFX2, qsmncompile
file = _up52131.tmp/QQ.22
line1,2 = GSH1U403.447, (null)
deck_type = D
PL_file = qsmncompile

31) type = DELETE
ident, declare = SCRIPTFX2, qsmncompile
file = _up52131.tmp/QQ.23
line1,2 = GSH1U403.450, (null)
deck_type = D
PL_file = qsmncompile

32) type = DELETE
ident, declare = SCRIPTFX2, qsmncompile
file = _up52131.tmp/QQ.24
line1,2 = GSH1U403.518, (null)
deck_type = D
PL_file = qsmncompile

33) type = DELETE
ident, declare = SCRIPTFX2, qsmncompile
file = _up52131.tmp/QQ.25
line1,2 = GSH1U403.615, (null)
deck_type = D
PL_file = qsmncompile

34) type = DELETE
ident, declare = SCRIPTFX2, qsmncompile
file = _up52131.tmp/QQ.26
line1,2 = PXCLLMOD.62, PXCLLMOD.63
deck_type = D
PL_file = qsmncompile

35) type = DECLARE
ident, declare = SCRIPTFX2, submitchk
file = (null)

36) type = DELETE
ident, declare = SCRIPTFX2, submitchk
file = _up52131.tmp/QQ.27
line1,2 = PXSUBCHK.1, (null)
deck_type = D
PL_file = submitchk

37) type = DELETE
ident, declare = SCRIPTFX2, submitchk
file = _up52131.tmp/QQ.28
line1,2 = GWRAU405.41, (null)
deck_type = D
PL_file = submitchk

38) type = INSERT
ident, declare = SCRIPTFX2, submitchk
file = _up52131.tmp/QQ.29
line1,2 = GWRAU405.46, (null)
deck_type = D
PL_file = submitchk

39) type = DELETE
ident, declare = SCRIPTFX2, submitchk
file = _up52131.tmp/QQ.30
line1,2 = GWRAU405.55, (null)
deck_type = D
PL_file = submitchk

40) type = IDENT
ident, declare = RESUBMOD, (null)
file = (null)

41) type = DECLARE
ident, declare = RESUBMOD, qsresubmit
file = (null)

42) type = DELETE
ident, declare = RESUBMOD, qsresubmit
file = _up52131.tmp/QQ.31
line1,2 = GSM0U403.2, (null)
deck_type = D
PL_file = qsresubmit

43) type = DELETE
ident, declare = RESUBMOD, qsresubmit
file = _up52131.tmp/QQ.32
line1,2 = GLW6U400.22, (null)
deck_type = D
PL_file = qsresubmit

44) type = DELETE
ident, declare = RESUBMOD, qsresubmit
file = _up52131.tmp/QQ.33
line1,2 = GLW6U400.23, (null)
deck_type = D
PL_file = qsresubmit

45) type = DELETE
ident, declare = RESUBMOD, qsresubmit
file = _up52131.tmp/QQ.34
line1,2 = GGH2U401.19, (null)
deck_type = D
PL_file = qsresubmit

46) type = IDENT
ident, declare = ARCHMOD, (null)
file = (null)

47) type = DECLARE
ident, declare = ARCHMOD, qsmain
file = (null)

48) type = INSERT
ident, declare = ARCHMOD, qsmain
file = _up52131.tmp/QQ.35
line1,2 = qsmain.653, (null)
deck_type = D
PL_file = qsmain

49) type = DECLARE
ident, declare = ARCHMOD, copy2dest
file = (null)

50) type = DELETE
ident, declare = ARCHMOD, copy2dest
file = _up52131.tmp/QQ.36
line1,2 = GLW1U401.390, (null)
deck_type = D
PL_file = copy2dest

51) type = DELETE
ident, declare = ARCHMOD, copy2dest
file = _up52131.tmp/QQ.37
line1,2 = GLW1U401.416, (null)
deck_type = D
PL_file = copy2dest

52) type = DELETE
ident, declare = ARCHMOD, copy2dest
file = _up52131.tmp/QQ.38
line1,2 = GLW1U401.503, (null)
deck_type = D
PL_file = copy2dest

53) type = DELETE
ident, declare = ARCHMOD, copy2dest
file = _up52131.tmp/QQ.39
line1,2 = GLW1U401.509, (null)
deck_type = D
PL_file = copy2dest

54) type = DECLARE
ident, declare = ARCHMOD, qscasedisp
file = (null)

55) type = DELETE
ident, declare = ARCHMOD, qscasedisp
file = _up52131.tmp/QQ.40
line1,2 = GLW1U401.606, (null)
deck_type = D
PL_file = qscasedisp

56) type = DELETE
ident, declare = ARCHMOD, qscasedisp
file = _up52131.tmp/QQ.41
line1,2 = GIE2U405.59, GLW1U401.631
deck_type = D
PL_file = qscasedisp

57) type = DELETE
ident, declare = ARCHMOD, qscasedisp
file = _up52131.tmp/QQ.42
line1,2 = GIE2U405.60, GLW1U401.658
deck_type = D
PL_file = qscasedisp

58) type = DECLARE
ident, declare = ARCHMOD, qsserver
file = (null)

59) type = DELETE
ident, declare = ARCHMOD, qsserver
file = _up52131.tmp/QQ.43
line1,2 = GCP1U400.199, GCP1U400.204
deck_type = D
PL_file = qsserver

60) type = DECLARE
ident, declare = ARCHMOD, newpphist
file = (null)

61) type = INSERT
ident, declare = ARCHMOD, newpphist
file = _up52131.tmp/QQ.44
line1,2 = COPYRIGHT.643, (null)
deck_type = D
PL_file = newpphist

62) type = DECLARE
ident, declare = ARCHMOD, autopp_tidyup
file = (null)

63) type = INSERT
ident, declare = ARCHMOD, autopp_tidyup
file = _up52131.tmp/QQ.45
line1,2 = COPYRIGHT.110, (null)
deck_type = D
PL_file = autopp_tidyup

Finished update in main

